2023-08-03 07:05:51,192 [INFO] Initiating Weather Data Ingestion process.
2023-08-03 07:06:26,459 [INFO] Weather Data Ingestion process completed successfully
2023-08-03 07:06:26,460 [INFO] Time taken: 35.267364	 Number of records inserted: 1729957
2023-08-03 07:06:27,761 [INFO] Executed Successfully
2023-08-03 07:27:12,783 [INFO] Initiating Weather Data Ingestion process.
2023-08-03 07:27:44,842 [INFO] Weather Data Ingestion process completed successfully
2023-08-03 07:27:44,842 [INFO] Time taken: 32.058968	 Number of records inserted: 1729957
2023-08-03 07:27:46,054 [INFO] Executed Successfully
2023-08-03 09:14:20,713 [INFO] Initiating Weather Data Ingestion process.
2023-08-03 09:14:53,437 [INFO] Weather Data Ingestion process completed successfully
2023-08-03 09:14:53,438 [INFO] Time taken: 32.724177	 Number of records inserted: 1729957
2023-08-03 09:14:54,731 [INFO] Executed Successfully
2023-08-03 09:14:58,561 [INFO] Initiating Weather Data Ingestion process.
2023-08-03 09:14:58,562 [INFO] Ingesting wx_data/USC00257715.txt
2023-08-03 09:14:58,604 [INFO] Ingesting wx_data/USC00113879.txt
2023-08-03 09:14:58,656 [INFO] Ingesting wx_data/USC00127935.txt
2023-08-03 09:14:58,696 [INFO] Ingesting wx_data/USC00112193.txt
2023-08-03 09:14:58,758 [INFO] Ingesting wx_data/USC00250640.txt
2023-08-03 09:14:58,800 [INFO] Ingesting wx_data/USC00257070.txt
2023-08-03 09:14:58,868 [INFO] Ingesting wx_data/USC00114442.txt
2023-08-03 09:14:58,910 [INFO] Ingesting wx_data/USC00115833.txt
2023-08-03 09:14:58,983 [INFO] Ingesting wx_data/USC00130133.txt
2023-08-03 09:14:59,026 [INFO] Ingesting wx_data/USC00132724.txt
2023-08-03 09:14:59,107 [INFO] Ingesting wx_data/USC00250130.txt
2023-08-03 09:14:59,143 [INFO] Ingesting wx_data/USC00256970.txt
2023-08-03 09:14:59,182 [INFO] Ingesting wx_data/USC00116446.txt
2023-08-03 09:14:59,265 [INFO] Ingesting wx_data/USC00253175.txt
2023-08-03 09:14:59,307 [INFO] Ingesting wx_data/USC00129113.txt
2023-08-03 09:14:59,349 [INFO] Ingesting wx_data/USC00134142.txt
2023-08-03 09:14:59,443 [INFO] Ingesting wx_data/USC00121229.txt
2023-08-03 09:14:59,470 [INFO] Ingesting wx_data/USC00116526.txt
2023-08-03 09:14:59,513 [INFO] Ingesting wx_data/USC00259510.txt
2023-08-03 09:14:59,547 [INFO] Ingesting wx_data/USC00255470.txt
2023-08-03 09:14:59,635 [INFO] Ingesting wx_data/USC00257515.txt
2023-08-03 09:14:59,673 [INFO] Ingesting wx_data/USC00258395.txt
2023-08-03 09:14:59,715 [INFO] Ingesting wx_data/USC00338313.txt
2023-08-03 09:14:59,753 [INFO] Ingesting wx_data/USC00131402.txt
2023-08-03 09:14:59,864 [INFO] Ingesting wx_data/USC00118916.txt
2023-08-03 09:14:59,905 [INFO] Ingesting wx_data/USC00124181.txt
2023-08-03 09:14:59,946 [INFO] Ingesting wx_data/USC00128036.txt
2023-08-03 09:14:59,987 [INFO] Ingesting wx_data/USC00126580.txt
2023-08-03 09:15:00,029 [INFO] Ingesting wx_data/USC00129670.txt
2023-08-03 09:15:00,153 [INFO] Ingesting wx_data/USC00115943.txt
2023-08-03 09:15:00,195 [INFO] Ingesting wx_data/USC00124008.txt
2023-08-03 09:15:00,216 [INFO] Ingesting wx_data/USC00116910.txt
2023-08-03 09:15:00,258 [INFO] Ingesting wx_data/USC00114108.txt
2023-08-03 09:15:00,300 [INFO] Ingesting wx_data/USC00127298.txt
2023-08-03 09:15:00,342 [INFO] Ingesting wx_data/USC00110187.txt
2023-08-03 09:15:00,473 [INFO] Ingesting wx_data/USC00253365.txt
2023-08-03 09:15:00,515 [INFO] Ingesting wx_data/USC00251200.txt
2023-08-03 09:15:00,556 [INFO] Ingesting wx_data/USC00112140.txt
2023-08-03 09:15:00,598 [INFO] Ingesting wx_data/USC00253615.txt
2023-08-03 09:15:00,640 [INFO] Ingesting wx_data/USC00255310.txt
2023-08-03 09:15:00,682 [INFO] Ingesting wx_data/USC00132864.txt
2023-08-03 09:15:00,827 [INFO] Ingesting wx_data/USC00129511.txt
2023-08-03 09:15:00,853 [INFO] Ingesting wx_data/USC00118740.txt
2023-08-03 09:15:00,895 [INFO] Ingesting wx_data/USC00333780.txt
2023-08-03 09:15:00,936 [INFO] Ingesting wx_data/USC00254900.txt
2023-08-03 09:15:00,979 [INFO] Ingesting wx_data/USC00255565.txt
2023-08-03 09:15:01,029 [INFO] Ingesting wx_data/USC00250435.txt
2023-08-03 09:15:01,070 [INFO] Ingesting wx_data/USC00252020.txt
2023-08-03 09:15:01,112 [INFO] Ingesting wx_data/USC00138296.txt
2023-08-03 09:15:01,153 [INFO] Ingesting wx_data/USC00132977.txt
2023-08-03 09:15:01,320 [INFO] Ingesting wx_data/USC00118147.txt
2023-08-03 09:15:01,359 [INFO] Ingesting wx_data/USC00250622.txt
2023-08-03 09:15:01,402 [INFO] Ingesting wx_data/USC00331592.txt
2023-08-03 09:15:01,444 [INFO] Ingesting wx_data/USC00258915.txt
2023-08-03 09:15:01,486 [INFO] Ingesting wx_data/USC00250420.txt
2023-08-03 09:15:01,526 [INFO] Ingesting wx_data/USC00338830.txt
2023-08-03 09:15:01,568 [INFO] Ingesting wx_data/USC00115515.txt
2023-08-03 09:15:01,592 [INFO] Ingesting wx_data/USC00120784.txt
2023-08-03 09:15:01,634 [INFO] Ingesting wx_data/USC00112483.txt
2023-08-03 09:15:01,676 [INFO] Ingesting wx_data/USC00332098.txt
2023-08-03 09:15:01,861 [INFO] Ingesting wx_data/USC00116579.txt
2023-08-03 09:15:01,901 [INFO] Ingesting wx_data/USC00137979.txt
2023-08-03 09:15:01,942 [INFO] Ingesting wx_data/USC00258480.txt
2023-08-03 09:15:01,984 [INFO] Ingesting wx_data/USC00258133.txt
2023-08-03 09:15:02,019 [INFO] Ingesting wx_data/USC00115712.txt
2023-08-03 09:15:02,061 [INFO] Ingesting wx_data/USC00331152.txt
2023-08-03 09:15:02,095 [INFO] Ingesting wx_data/USC00335297.txt
2023-08-03 09:15:02,131 [INFO] Ingesting wx_data/USC00334189.txt
2023-08-03 09:15:02,173 [INFO] Ingesting wx_data/USC00253660.txt
2023-08-03 09:15:02,214 [INFO] Ingesting wx_data/USC00137161.txt
2023-08-03 09:15:02,256 [INFO] Ingesting wx_data/USC00336600.txt
2023-08-03 09:15:02,464 [INFO] Ingesting wx_data/USC00253715.txt
2023-08-03 09:15:02,497 [INFO] Ingesting wx_data/USC00338822.txt
2023-08-03 09:15:02,539 [INFO] Ingesting wx_data/USC00256135.txt
2023-08-03 09:15:02,581 [INFO] Ingesting wx_data/USC00254440.txt
2023-08-03 09:15:02,622 [INFO] Ingesting wx_data/USC00132999.txt
2023-08-03 09:15:02,664 [INFO] Ingesting wx_data/USC00335041.txt
2023-08-03 09:15:02,706 [INFO] Ingesting wx_data/USC00331541.txt
2023-08-03 09:15:02,748 [INFO] Ingesting wx_data/USC00135952.txt
2023-08-03 09:15:02,789 [INFO] Ingesting wx_data/USC00256040.txt
2023-08-03 09:15:02,824 [INFO] Ingesting wx_data/USC00134735.txt
2023-08-03 09:15:02,866 [INFO] Ingesting wx_data/USC00123513.txt
2023-08-03 09:15:02,906 [INFO] Ingesting wx_data/USC00129557.txt
2023-08-03 09:15:02,950 [INFO] Ingesting wx_data/USC00114198.txt
2023-08-03 09:15:02,992 [INFO] Ingesting wx_data/USC00252820.txt
2023-08-03 09:15:03,234 [INFO] Ingesting wx_data/USC00120177.txt
2023-08-03 09:15:03,276 [INFO] Ingesting wx_data/USC00134894.txt
2023-08-03 09:15:03,317 [INFO] Ingesting wx_data/USC00130600.txt
2023-08-03 09:15:03,359 [INFO] Ingesting wx_data/USC00137147.txt
2023-08-03 09:15:03,401 [INFO] Ingesting wx_data/USC00116610.txt
2023-08-03 09:15:03,442 [INFO] Ingesting wx_data/USC00126705.txt
2023-08-03 09:15:03,483 [INFO] Ingesting wx_data/USC00339312.txt
2023-08-03 09:15:03,525 [INFO] Ingesting wx_data/USC00336196.txt
2023-08-03 09:15:03,567 [INFO] Ingesting wx_data/USC00134063.txt
2023-08-03 09:15:03,608 [INFO] Ingesting wx_data/USC00332119.txt
2023-08-03 09:15:03,630 [INFO] Ingesting wx_data/USC00120200.txt
2023-08-03 09:15:03,672 [INFO] Ingesting wx_data/USC00258465.txt
2023-08-03 09:15:03,713 [INFO] Ingesting wx_data/USC00115326.txt
2023-08-03 09:15:03,752 [INFO] Ingesting wx_data/USC00338769.txt
2023-08-03 09:15:03,794 [INFO] Ingesting wx_data/USC00116558.txt
2023-08-03 09:15:03,836 [INFO] Ingesting wx_data/USC00115079.txt
2023-08-03 09:15:04,113 [INFO] Ingesting wx_data/USC00253735.txt
2023-08-03 09:15:04,155 [INFO] Ingesting wx_data/USC00333758.txt
2023-08-03 09:15:04,196 [INFO] Ingesting wx_data/USC00335315.txt
2023-08-03 09:15:04,233 [INFO] Ingesting wx_data/USC00252205.txt
2023-08-03 09:15:04,275 [INFO] Ingesting wx_data/USC00125237.txt
2023-08-03 09:15:04,316 [INFO] Ingesting wx_data/USC00333375.txt
2023-08-03 09:15:04,358 [INFO] Ingesting wx_data/USC00338552.txt
2023-08-03 09:15:04,399 [INFO] Ingesting wx_data/USC00132789.txt
2023-08-03 09:15:04,442 [INFO] Ingesting wx_data/USC00250375.txt
2023-08-03 09:15:04,485 [INFO] Ingesting wx_data/USC00138688.txt
2023-08-03 09:15:04,527 [INFO] Ingesting wx_data/USC00115901.txt
2023-08-03 09:15:04,569 [INFO] Ingesting wx_data/USC00122149.txt
2023-08-03 09:15:04,606 [INFO] Ingesting wx_data/USC00114823.txt
2023-08-03 09:15:04,647 [INFO] Ingesting wx_data/USC00110338.txt
2023-08-03 09:15:04,688 [INFO] Ingesting wx_data/USC00121873.txt
2023-08-03 09:15:04,729 [INFO] Ingesting wx_data/USC00123527.txt
2023-08-03 09:15:04,771 [INFO] Ingesting wx_data/USC00127755.txt
2023-08-03 09:15:04,805 [INFO] Ingesting wx_data/USC00111436.txt
2023-08-03 09:15:04,850 [INFO] Ingesting wx_data/USC00110072.txt
2023-08-03 09:15:05,174 [INFO] Ingesting wx_data/USC00131533.txt
2023-08-03 09:15:05,217 [INFO] Ingesting wx_data/USC00135769.txt
2023-08-03 09:15:05,259 [INFO] Ingesting wx_data/USC00135796.txt
2023-08-03 09:15:05,301 [INFO] Ingesting wx_data/USC00119241.txt
2023-08-03 09:15:05,342 [INFO] Ingesting wx_data/USC00336781.txt
2023-08-03 09:15:05,386 [INFO] Ingesting wx_data/USC00254110.txt
2023-08-03 09:15:05,427 [INFO] Ingesting wx_data/USC00253910.txt
2023-08-03 09:15:05,468 [INFO] Ingesting wx_data/USC00253630.txt
2023-08-03 09:15:05,510 [INFO] Ingesting wx_data/USC00126001.txt
2023-08-03 09:15:05,554 [INFO] Ingesting wx_data/USC00255080.txt
2023-08-03 09:15:05,591 [INFO] Ingesting wx_data/USC00117551.txt
2023-08-03 09:15:05,631 [INFO] Ingesting wx_data/USC00121747.txt
2023-08-03 09:15:05,673 [INFO] Ingesting wx_data/USC00127875.txt
2023-08-03 09:15:05,705 [INFO] Ingesting wx_data/USC00127646.txt
2023-08-03 09:15:05,747 [INFO] Ingesting wx_data/USC00111280.txt
2023-08-03 09:15:05,782 [INFO] Ingesting wx_data/USC00121425.txt
2023-08-03 09:15:05,805 [INFO] Ingesting wx_data/USC00129253.txt
2023-08-03 09:15:05,845 [INFO] Ingesting wx_data/USC00250070.txt
2023-08-03 09:15:05,880 [INFO] Ingesting wx_data/USC00252840.txt
2023-08-03 09:15:05,917 [INFO] Ingesting wx_data/USC00116738.txt
2023-08-03 09:15:05,948 [INFO] Ingesting wx_data/USC00253035.txt
2023-08-03 09:15:05,957 [INFO] Ingesting wx_data/USC00130112.txt
2023-08-03 09:15:05,998 [INFO] Ingesting wx_data/USC00338534.txt
2023-08-03 09:15:06,039 [INFO] Ingesting wx_data/USC00115768.txt
2023-08-03 09:15:06,080 [INFO] Ingesting wx_data/USC00131635.txt
2023-08-03 09:15:06,464 [INFO] Ingesting wx_data/USC00251145.txt
2023-08-03 09:15:06,506 [INFO] Ingesting wx_data/USC00252100.txt
2023-08-03 09:15:06,547 [INFO] Ingesting wx_data/USC00119354.txt
2023-08-03 09:15:06,589 [INFO] Ingesting wx_data/USC00113335.txt
2023-08-03 09:15:06,630 [INFO] Ingesting wx_data/USC00256570.txt
2023-08-03 09:15:06,671 [INFO] Ingesting wx_data/USC00124837.txt
2023-08-03 09:15:06,713 [INFO] Ingesting wx_data/USC00112348.txt
2023-08-03 09:15:06,751 [INFO] Ingesting wx_data/USC00332791.txt
2023-08-03 09:15:06,794 [INFO] Ingesting wx_data/USC00336118.txt
2023-08-03 09:15:06,836 [INFO] Ingesting wx_data/USC00129080.txt
2023-08-03 09:15:06,865 [INFO] Ingesting wx_data/USC00127522.txt
2023-08-03 09:15:06,907 [INFO] Ingesting wx_data/USC00125337.txt
2023-08-03 09:15:06,949 [INFO] Ingesting wx_data/USC00123418.txt
2023-08-03 09:15:06,991 [INFO] Ingesting wx_data/USC00127482.txt
2023-08-03 09:15:07,033 [INFO] Ingesting wx_data/USC00121030.txt
2023-08-03 09:15:07,071 [INFO] Ingesting wx_data/USC00253185.txt
2023-08-03 09:15:07,113 [INFO] Ingesting wx_data/USC00331072.txt
2023-08-03 09:15:07,155 [INFO] Ingesting wx_data/USC00120676.txt
2023-08-03 09:15:07,196 [INFO] Ingesting wx_data/USC00127125.txt
2023-08-03 09:15:07,237 [INFO] Ingesting wx_data/USC00331890.txt
2023-08-03 09:15:07,278 [INFO] Ingesting wx_data/USC00254985.txt
2023-08-03 09:15:07,316 [INFO] Ingesting wx_data/USC00259090.txt
2023-08-03 09:15:33,495 [INFO] Weather Data Ingestion process completed successfully
2023-08-03 09:15:33,495 [INFO] Time taken: 34.933949	 Number of records inserted: 1729957
2023-08-03 09:15:34,686 [INFO] Executed Successfully
2024-09-13 18:21:55,453 [INFO] Initiating Weather Data Ingestion process.
2024-09-13 18:21:55,454 [INFO] Ingesting wx_data/USC00257715.txt
2024-09-13 18:21:55,506 [INFO] Ingesting wx_data/USC00113879.txt
2024-09-13 18:21:55,539 [INFO] Ingesting wx_data/USC00127935.txt
2024-09-13 18:21:55,576 [INFO] Ingesting wx_data/USC00112193.txt
2024-09-13 18:21:55,634 [INFO] Ingesting wx_data/USC00250640.txt
2024-09-13 18:21:55,674 [INFO] Ingesting wx_data/USC00257070.txt
2024-09-13 18:21:55,739 [INFO] Ingesting wx_data/USC00114442.txt
2024-09-13 18:21:55,779 [INFO] Ingesting wx_data/USC00115833.txt
2024-09-13 18:21:55,852 [INFO] Ingesting wx_data/USC00130133.txt
2024-09-13 18:21:55,896 [INFO] Ingesting wx_data/USC00132724.txt
2024-09-13 18:21:55,967 [INFO] Ingesting wx_data/USC00250130.txt
2024-09-13 18:21:56,001 [INFO] Ingesting wx_data/USC00256970.txt
2024-09-13 18:21:56,038 [INFO] Ingesting wx_data/USC00116446.txt
2024-09-13 18:21:56,123 [INFO] Ingesting wx_data/USC00253175.txt
2024-09-13 18:21:56,163 [INFO] Ingesting wx_data/USC00129113.txt
2024-09-13 18:21:56,202 [INFO] Ingesting wx_data/USC00134142.txt
2024-09-13 18:21:56,288 [INFO] Ingesting wx_data/USC00121229.txt
2024-09-13 18:21:56,310 [INFO] Ingesting wx_data/USC00116526.txt
2024-09-13 18:21:56,352 [INFO] Ingesting wx_data/USC00259510.txt
2024-09-13 18:21:56,390 [INFO] Ingesting wx_data/USC00255470.txt
2024-09-13 18:21:56,475 [INFO] Ingesting wx_data/USC00257515.txt
2024-09-13 18:21:56,513 [INFO] Ingesting wx_data/USC00258395.txt
2024-09-13 18:21:56,553 [INFO] Ingesting wx_data/USC00338313.txt
2024-09-13 18:21:56,589 [INFO] Ingesting wx_data/USC00131402.txt
2024-09-13 18:21:56,704 [INFO] Ingesting wx_data/USC00118916.txt
2024-09-13 18:21:56,745 [INFO] Ingesting wx_data/USC00124181.txt
2024-09-13 18:21:56,802 [INFO] Ingesting wx_data/USC00128036.txt
2024-09-13 18:21:56,846 [INFO] Ingesting wx_data/USC00126580.txt
2024-09-13 18:21:56,885 [INFO] Ingesting wx_data/USC00129670.txt
2024-09-13 18:21:57,002 [INFO] Ingesting wx_data/USC00115943.txt
2024-09-13 18:21:57,042 [INFO] Ingesting wx_data/USC00124008.txt
2024-09-13 18:21:57,063 [INFO] Ingesting wx_data/USC00116910.txt
2024-09-13 18:21:57,101 [INFO] Ingesting wx_data/USC00114108.txt
2024-09-13 18:21:57,140 [INFO] Ingesting wx_data/USC00127298.txt
2024-09-13 18:21:57,179 [INFO] Ingesting wx_data/USC00110187.txt
2024-09-13 18:21:57,301 [INFO] Ingesting wx_data/USC00253365.txt
2024-09-13 18:21:57,340 [INFO] Ingesting wx_data/USC00251200.txt
2024-09-13 18:21:57,378 [INFO] Ingesting wx_data/USC00112140.txt
2024-09-13 18:21:57,417 [INFO] Ingesting wx_data/USC00253615.txt
2024-09-13 18:21:57,456 [INFO] Ingesting wx_data/USC00255310.txt
2024-09-13 18:21:57,496 [INFO] Ingesting wx_data/USC00132864.txt
2024-09-13 18:21:57,534 [INFO] Ingesting wx_data/USC00129511.txt
2024-09-13 18:21:57,662 [INFO] Ingesting wx_data/USC00118740.txt
2024-09-13 18:21:57,701 [INFO] Ingesting wx_data/USC00333780.txt
2024-09-13 18:21:57,741 [INFO] Ingesting wx_data/USC00254900.txt
2024-09-13 18:21:57,781 [INFO] Ingesting wx_data/USC00255565.txt
2024-09-13 18:21:57,821 [INFO] Ingesting wx_data/USC00250435.txt
2024-09-13 18:21:57,862 [INFO] Ingesting wx_data/USC00252020.txt
2024-09-13 18:21:57,902 [INFO] Ingesting wx_data/USC00138296.txt
2024-09-13 18:21:57,945 [INFO] Ingesting wx_data/USC00132977.txt
2024-09-13 18:21:58,100 [INFO] Ingesting wx_data/USC00118147.txt
2024-09-13 18:21:58,135 [INFO] Ingesting wx_data/USC00250622.txt
2024-09-13 18:21:58,175 [INFO] Ingesting wx_data/USC00331592.txt
2024-09-13 18:21:58,214 [INFO] Ingesting wx_data/USC00258915.txt
2024-09-13 18:21:58,254 [INFO] Ingesting wx_data/USC00250420.txt
2024-09-13 18:21:58,292 [INFO] Ingesting wx_data/USC00338830.txt
2024-09-13 18:21:58,331 [INFO] Ingesting wx_data/USC00115515.txt
2024-09-13 18:21:58,360 [INFO] Ingesting wx_data/USC00120784.txt
2024-09-13 18:21:58,398 [INFO] Ingesting wx_data/USC00112483.txt
2024-09-13 18:21:58,437 [INFO] Ingesting wx_data/USC00332098.txt
2024-09-13 18:21:58,613 [INFO] Ingesting wx_data/USC00116579.txt
2024-09-13 18:21:58,650 [INFO] Ingesting wx_data/USC00137979.txt
2024-09-13 18:21:58,689 [INFO] Ingesting wx_data/USC00258480.txt
2024-09-13 18:21:58,729 [INFO] Ingesting wx_data/USC00258133.txt
2024-09-13 18:21:58,762 [INFO] Ingesting wx_data/USC00115712.txt
2024-09-13 18:21:58,802 [INFO] Ingesting wx_data/USC00331152.txt
2024-09-13 18:21:58,834 [INFO] Ingesting wx_data/USC00335297.txt
2024-09-13 18:21:58,872 [INFO] Ingesting wx_data/USC00334189.txt
2024-09-13 18:21:58,921 [INFO] Ingesting wx_data/USC00253660.txt
2024-09-13 18:21:58,961 [INFO] Ingesting wx_data/USC00137161.txt
2024-09-13 18:21:59,001 [INFO] Ingesting wx_data/USC00336600.txt
2024-09-13 18:21:59,038 [INFO] Ingesting wx_data/USC00253715.txt
2024-09-13 18:21:59,231 [INFO] Ingesting wx_data/USC00338822.txt
2024-09-13 18:21:59,270 [INFO] Ingesting wx_data/USC00256135.txt
2024-09-13 18:21:59,309 [INFO] Ingesting wx_data/USC00254440.txt
2024-09-13 18:21:59,348 [INFO] Ingesting wx_data/USC00132999.txt
2024-09-13 18:21:59,387 [INFO] Ingesting wx_data/USC00335041.txt
2024-09-13 18:21:59,426 [INFO] Ingesting wx_data/USC00331541.txt
2024-09-13 18:21:59,465 [INFO] Ingesting wx_data/USC00135952.txt
2024-09-13 18:21:59,505 [INFO] Ingesting wx_data/USC00256040.txt
2024-09-13 18:21:59,538 [INFO] Ingesting wx_data/USC00134735.txt
2024-09-13 18:21:59,577 [INFO] Ingesting wx_data/USC00123513.txt
2024-09-13 18:21:59,615 [INFO] Ingesting wx_data/USC00129557.txt
2024-09-13 18:21:59,654 [INFO] Ingesting wx_data/USC00114198.txt
2024-09-13 18:21:59,693 [INFO] Ingesting wx_data/USC00252820.txt
2024-09-13 18:21:59,738 [INFO] Ingesting wx_data/USC00120177.txt
2024-09-13 18:21:59,966 [INFO] Ingesting wx_data/USC00134894.txt
2024-09-13 18:22:00,006 [INFO] Ingesting wx_data/USC00130600.txt
2024-09-13 18:22:00,048 [INFO] Ingesting wx_data/USC00137147.txt
2024-09-13 18:22:00,088 [INFO] Ingesting wx_data/USC00116610.txt
2024-09-13 18:22:00,128 [INFO] Ingesting wx_data/USC00126705.txt
2024-09-13 18:22:00,166 [INFO] Ingesting wx_data/USC00339312.txt
2024-09-13 18:22:00,206 [INFO] Ingesting wx_data/USC00336196.txt
2024-09-13 18:22:00,245 [INFO] Ingesting wx_data/USC00134063.txt
2024-09-13 18:22:00,284 [INFO] Ingesting wx_data/USC00332119.txt
2024-09-13 18:22:00,304 [INFO] Ingesting wx_data/USC00120200.txt
2024-09-13 18:22:00,346 [INFO] Ingesting wx_data/USC00258465.txt
2024-09-13 18:22:00,386 [INFO] Ingesting wx_data/USC00115326.txt
2024-09-13 18:22:00,421 [INFO] Ingesting wx_data/USC00338769.txt
2024-09-13 18:22:00,461 [INFO] Ingesting wx_data/USC00116558.txt
2024-09-13 18:22:00,500 [INFO] Ingesting wx_data/USC00115079.txt
2024-09-13 18:22:00,537 [INFO] Ingesting wx_data/USC00253735.txt
2024-09-13 18:22:00,819 [INFO] Ingesting wx_data/USC00333758.txt
2024-09-13 18:22:00,858 [INFO] Ingesting wx_data/USC00335315.txt
2024-09-13 18:22:00,894 [INFO] Ingesting wx_data/USC00252205.txt
2024-09-13 18:22:00,936 [INFO] Ingesting wx_data/USC00125237.txt
2024-09-13 18:22:00,988 [INFO] Ingesting wx_data/USC00333375.txt
2024-09-13 18:22:01,033 [INFO] Ingesting wx_data/USC00338552.txt
2024-09-13 18:22:01,078 [INFO] Ingesting wx_data/USC00132789.txt
2024-09-13 18:22:01,120 [INFO] Ingesting wx_data/USC00250375.txt
2024-09-13 18:22:01,160 [INFO] Ingesting wx_data/USC00138688.txt
2024-09-13 18:22:01,199 [INFO] Ingesting wx_data/USC00115901.txt
2024-09-13 18:22:01,238 [INFO] Ingesting wx_data/USC00122149.txt
2024-09-13 18:22:01,273 [INFO] Ingesting wx_data/USC00114823.txt
2024-09-13 18:22:01,312 [INFO] Ingesting wx_data/USC00110338.txt
2024-09-13 18:22:01,350 [INFO] Ingesting wx_data/USC00121873.txt
2024-09-13 18:22:01,389 [INFO] Ingesting wx_data/USC00123527.txt
2024-09-13 18:22:01,428 [INFO] Ingesting wx_data/USC00127755.txt
2024-09-13 18:22:01,459 [INFO] Ingesting wx_data/USC00111436.txt
2024-09-13 18:22:01,497 [INFO] Ingesting wx_data/USC00110072.txt
2024-09-13 18:22:01,536 [INFO] Ingesting wx_data/USC00131533.txt
2024-09-13 18:22:01,841 [INFO] Ingesting wx_data/USC00135769.txt
2024-09-13 18:22:01,899 [INFO] Ingesting wx_data/USC00135796.txt
2024-09-13 18:22:01,970 [INFO] Ingesting wx_data/USC00119241.txt
2024-09-13 18:22:02,009 [INFO] Ingesting wx_data/USC00336781.txt
2024-09-13 18:22:02,048 [INFO] Ingesting wx_data/USC00254110.txt
2024-09-13 18:22:02,086 [INFO] Ingesting wx_data/USC00253910.txt
2024-09-13 18:22:02,125 [INFO] Ingesting wx_data/USC00253630.txt
2024-09-13 18:22:02,165 [INFO] Ingesting wx_data/USC00126001.txt
2024-09-13 18:22:02,202 [INFO] Ingesting wx_data/USC00255080.txt
2024-09-13 18:22:02,240 [INFO] Ingesting wx_data/USC00117551.txt
2024-09-13 18:22:02,278 [INFO] Ingesting wx_data/USC00121747.txt
2024-09-13 18:22:02,317 [INFO] Ingesting wx_data/USC00127875.txt
2024-09-13 18:22:02,348 [INFO] Ingesting wx_data/USC00127646.txt
2024-09-13 18:22:02,387 [INFO] Ingesting wx_data/USC00111280.txt
2024-09-13 18:22:02,421 [INFO] Ingesting wx_data/USC00121425.txt
2024-09-13 18:22:02,447 [INFO] Ingesting wx_data/USC00129253.txt
2024-09-13 18:22:02,485 [INFO] Ingesting wx_data/USC00250070.txt
2024-09-13 18:22:02,517 [INFO] Ingesting wx_data/USC00252840.txt
2024-09-13 18:22:02,552 [INFO] Ingesting wx_data/USC00116738.txt
2024-09-13 18:22:02,582 [INFO] Ingesting wx_data/USC00253035.txt
2024-09-13 18:22:02,590 [INFO] Ingesting wx_data/USC00130112.txt
2024-09-13 18:22:02,633 [INFO] Ingesting wx_data/USC00338534.txt
2024-09-13 18:22:02,671 [INFO] Ingesting wx_data/USC00115768.txt
2024-09-13 18:22:02,709 [INFO] Ingesting wx_data/USC00131635.txt
2024-09-13 18:22:02,749 [INFO] Ingesting wx_data/USC00251145.txt
2024-09-13 18:22:03,217 [INFO] Ingesting wx_data/USC00252100.txt
2024-09-13 18:22:03,257 [INFO] Ingesting wx_data/USC00119354.txt
2024-09-13 18:22:03,296 [INFO] Ingesting wx_data/USC00113335.txt
2024-09-13 18:22:03,334 [INFO] Ingesting wx_data/USC00256570.txt
2024-09-13 18:22:03,373 [INFO] Ingesting wx_data/USC00124837.txt
2024-09-13 18:22:03,412 [INFO] Ingesting wx_data/USC00112348.txt
2024-09-13 18:22:03,449 [INFO] Ingesting wx_data/USC00332791.txt
2024-09-13 18:22:03,488 [INFO] Ingesting wx_data/USC00336118.txt
2024-09-13 18:22:03,529 [INFO] Ingesting wx_data/USC00129080.txt
2024-09-13 18:22:03,556 [INFO] Ingesting wx_data/USC00127522.txt
2024-09-13 18:22:03,595 [INFO] Ingesting wx_data/USC00125337.txt
2024-09-13 18:22:03,634 [INFO] Ingesting wx_data/USC00123418.txt
2024-09-13 18:22:03,673 [INFO] Ingesting wx_data/USC00127482.txt
2024-09-13 18:22:03,712 [INFO] Ingesting wx_data/USC00121030.txt
2024-09-13 18:22:03,749 [INFO] Ingesting wx_data/USC00253185.txt
2024-09-13 18:22:03,789 [INFO] Ingesting wx_data/USC00331072.txt
2024-09-13 18:22:03,830 [INFO] Ingesting wx_data/USC00120676.txt
2024-09-13 18:22:03,868 [INFO] Ingesting wx_data/USC00127125.txt
2024-09-13 18:22:03,909 [INFO] Ingesting wx_data/USC00331890.txt
2024-09-13 18:22:03,947 [INFO] Ingesting wx_data/USC00254985.txt
2024-09-13 18:22:03,983 [INFO] Ingesting wx_data/USC00259090.txt
2024-09-13 18:22:25,317 [INFO] Weather Data Ingestion process completed successfully
2024-09-13 18:22:25,318 [INFO] Time taken: 29.864208	 Number of records inserted: 1729957
2024-09-13 18:22:26,732 [INFO] Executed Successfully
